<?xml version="1.0" encoding="UTF-8"?>
<testsuite name="SgpMainTest" tests="1" skipped="0" failures="0" errors="0" timestamp="2022-09-15T10:48:39" hostname="SPBLT157" time="2.184">
  <properties/>
  <testcase name="openMainPage()" classname="SgpMainTest" time="2.184"/>
  <system-out><![CDATA[]]></system-out>
  <system-err><![CDATA[]]></system-err>
</testsuite>
